[debug] [2020-08-06T16:40:23.539Z] ----------------------------------------------------------------------
[debug] [2020-08-06T16:40:23.541Z] Command:       /usr/local/Cellar/node@10/10.14.1/bin/node /usr/local/opt/node@10/bin/firebase deploy --only functions:preRender --debug
[debug] [2020-08-06T16:40:23.542Z] CLI Version:   7.6.2
[debug] [2020-08-06T16:40:23.542Z] Platform:      darwin
[debug] [2020-08-06T16:40:23.542Z] Node Version:  v10.16.3
[debug] [2020-08-06T16:40:23.547Z] Time:          Thu Aug 06 2020 09:40:23 GMT-0700 (Pacific Daylight Time)
[debug] [2020-08-06T16:40:23.547Z] ----------------------------------------------------------------------
[debug] [2020-08-06T16:40:23.547Z] 
[debug] [2020-08-06T16:40:23.557Z] > command requires scopes: ["email","openid","https://www.googleapis.com/auth/cloudplatformprojects.readonly","https://www.googleapis.com/auth/firebase","https://www.googleapis.com/auth/cloud-platform"]
[debug] [2020-08-06T16:40:23.557Z] > authorizing via signed-in user
[debug] [2020-08-06T16:40:23.557Z] [iam] checking project tool-builder for permissions ["cloudfunctions.functions.create","cloudfunctions.functions.delete","cloudfunctions.functions.get","cloudfunctions.functions.list","cloudfunctions.functions.update","cloudfunctions.operations.get","firebase.projects.get"]
[debug] [2020-08-06T16:40:23.559Z] >>> HTTP REQUEST POST https://cloudresourcemanager.googleapis.com/v1/projects/tool-builder:testIamPermissions  

[debug] [2020-08-06T16:40:23.755Z] <<< HTTP RESPONSE 200
[info] 
[info] === Deploying to 'tool-builder'...
[info] 
[info] i  deploying functions
[debug] [2020-08-06T16:40:25.143Z] > [functions] package.json contents: {
  "name": "functions",
  "description": "Cloud Functions for Firebase",
  "scripts": {
    "serve": "firebase serve --only functions",
    "shell": "firebase functions:shell",
    "start": "npm run shell",
    "deploy": "firebase deploy --only functions",
    "logs": "firebase functions:log"
  },
  "engines": {
    "node": "8"
  },
  "dependencies": {
    "express": "^4.17.1",
    "firebase-admin": "^8.6.0",
    "firebase-functions": "^3.3.0",
    "prerender-node": "^3.2.5"
  },
  "devDependencies": {
    "firebase-functions-test": "^0.1.6"
  },
  "private": true
}
[info] i  functions: ensuring necessary APIs are enabled...
[debug] [2020-08-06T16:40:25.145Z] >>> HTTP REQUEST GET https://serviceusage.googleapis.com/v1/projects/tool-builder/services/cloudfunctions.googleapis.com  
 
[debug] [2020-08-06T16:40:25.146Z] >>> HTTP REQUEST GET https://serviceusage.googleapis.com/v1/projects/tool-builder/services/runtimeconfig.googleapis.com  
 
[debug] [2020-08-06T16:40:25.649Z] <<< HTTP RESPONSE 200
[debug] [2020-08-06T16:40:25.701Z] <<< HTTP RESPONSE 200
[info] ✔  functions: all necessary APIs are enabled
[debug] [2020-08-06T16:40:25.702Z] >>> HTTP REQUEST GET https://firebase.googleapis.com/v1beta1/projects/tool-builder/adminSdkConfig  
 
[debug] [2020-08-06T16:40:25.953Z] <<< HTTP RESPONSE 200
[info] i  functions: preparing functions directory for uploading...
[debug] [2020-08-06T16:40:25.955Z] >>> HTTP REQUEST GET https://runtimeconfig.googleapis.com/v1beta1/projects/tool-builder/configs  
 
[debug] [2020-08-06T16:40:26.168Z] <<< HTTP RESPONSE 200
[info] i  functions: packaged functions (35.57 KB) for uploading
[debug] [2020-08-06T16:40:26.596Z] >>> HTTP REQUEST POST https://cloudfunctions.googleapis.com/v1/projects/tool-builder/locations/us-central1/functions:generateUploadUrl  
 
[debug] [2020-08-06T16:40:27.443Z] <<< HTTP RESPONSE 200
[debug] [2020-08-06T16:40:27.444Z] >>> HTTP REQUEST PUT https://storage.googleapis.com/gcf-upload-us-central1-1b75d1c1-7d43-403e-b56f-9851a47a4485/3e7b7828-c590-45cb-81b5-6f681e9d139a.zip?GoogleAccessId=service-1062012551888@gcf-admin-robot.iam.gserviceaccount.com&Expires=1596733827&Signature=YHf9g3rJB19ZapJTP6WNfZdcoDJYwhwFV4fF68p5xIqgQp90cqs4yqbamFo4PbMRbpw8YvCY1pzqtTsr79hocU3vUmwxtJriLCsVd4fzaa1YcnvRXmhP8xqAx%2FV6DjNrGr5DnBtvWLv6awt0C3Pqb31WIypuc6X%2Fpt2wOgDBfjDG9SfKRJoWQgLEea%2BnPPfYFWPmoX2zddXedNcFhota8ELEEdISAheFhAX%2Fh%2FIu7ZQ6H1%2BmCc31AUDpKUHqAxxAbOBCL2Q9ZOGzXsUzDq0XgLoSRqjMIcX26JpcV0%2ByARINrf%2BGvBU0jvKbDsJ2QNcS2xZ4Nr1cK1wiObeVb3n5fA%3D%3D  
 <request body omitted>
[debug] [2020-08-06T16:40:27.905Z] <<< HTTP RESPONSE 200
[info] ✔  functions: functions folder uploaded successfully
[debug] [2020-08-06T16:40:27.907Z] >>> HTTP REQUEST GET https://cloudfunctions.googleapis.com/v1/projects/tool-builder/locations/-/functions  
 
[debug] [2020-08-06T16:40:28.403Z] <<< HTTP RESPONSE 200
[debug] [2020-08-06T16:40:28.404Z] > [functions] filtering triggers to: [
  "projects/tool-builder/locations/us-central1/functions/preRender"
]
[info] i  functions: uploading functions in project: preRender(us-central1)
[info] i  functions: creating Node.js 8 function preRender(us-central1)...
[debug] [2020-08-06T16:40:28.406Z] Trigger is:  {"httpsTrigger":{}}
[debug] [2020-08-06T16:40:28.407Z] >>> HTTP REQUEST GET https://serviceusage.googleapis.com/v1/projects/tool-builder/services/cloudscheduler.googleapis.com  
 
[debug] [2020-08-06T16:40:28.994Z] <<< HTTP RESPONSE 200
[debug] [2020-08-06T16:40:28.995Z] >>> HTTP REQUEST POST https://cloudfunctions.googleapis.com/v1/projects/tool-builder/locations/us-central1/functions  

[debug] [2020-08-06T16:40:30.133Z] <<< HTTP RESPONSE 200
[debug] [2020-08-06T16:40:30.134Z] >>> HTTP REQUEST GET https://cloudfunctions.googleapis.com/v1/projects/tool-builder/locations/-/functions  
 
[debug] [2020-08-06T16:40:30.710Z] <<< HTTP RESPONSE 200
[debug] [2020-08-06T16:40:30.711Z] >>> HTTP REQUEST GET https://cloudfunctions.googleapis.com/v1/operations/dG9vbC1idWlsZGVyL3VzLWNlbnRyYWwxL3ByZVJlbmRlci9laTFxQ0lRQ0xXYw  
 
[debug] [2020-08-06T16:40:31.046Z] <<< HTTP RESPONSE 200
[debug] [2020-08-06T16:40:33.050Z] >>> HTTP REQUEST GET https://cloudfunctions.googleapis.com/v1/operations/dG9vbC1idWlsZGVyL3VzLWNlbnRyYWwxL3ByZVJlbmRlci9laTFxQ0lRQ0xXYw  
 
[debug] [2020-08-06T16:40:33.254Z] <<< HTTP RESPONSE 200
[debug] [2020-08-06T16:40:35.256Z] >>> HTTP REQUEST GET https://cloudfunctions.googleapis.com/v1/operations/dG9vbC1idWlsZGVyL3VzLWNlbnRyYWwxL3ByZVJlbmRlci9laTFxQ0lRQ0xXYw  
 
[debug] [2020-08-06T16:40:35.470Z] <<< HTTP RESPONSE 200
[debug] [2020-08-06T16:40:37.471Z] >>> HTTP REQUEST GET https://cloudfunctions.googleapis.com/v1/operations/dG9vbC1idWlsZGVyL3VzLWNlbnRyYWwxL3ByZVJlbmRlci9laTFxQ0lRQ0xXYw  
 
[debug] [2020-08-06T16:40:37.669Z] <<< HTTP RESPONSE 200
[debug] [2020-08-06T16:40:39.670Z] >>> HTTP REQUEST GET https://cloudfunctions.googleapis.com/v1/operations/dG9vbC1idWlsZGVyL3VzLWNlbnRyYWwxL3ByZVJlbmRlci9laTFxQ0lRQ0xXYw  
 
[debug] [2020-08-06T16:40:39.870Z] <<< HTTP RESPONSE 200
[debug] [2020-08-06T16:40:41.871Z] >>> HTTP REQUEST GET https://cloudfunctions.googleapis.com/v1/operations/dG9vbC1idWlsZGVyL3VzLWNlbnRyYWwxL3ByZVJlbmRlci9laTFxQ0lRQ0xXYw  
 
[debug] [2020-08-06T16:40:42.092Z] <<< HTTP RESPONSE 200
[debug] [2020-08-06T16:40:44.095Z] >>> HTTP REQUEST GET https://cloudfunctions.googleapis.com/v1/operations/dG9vbC1idWlsZGVyL3VzLWNlbnRyYWwxL3ByZVJlbmRlci9laTFxQ0lRQ0xXYw  
 
[debug] [2020-08-06T16:40:44.245Z] <<< HTTP RESPONSE 200
[debug] [2020-08-06T16:40:46.245Z] >>> HTTP REQUEST GET https://cloudfunctions.googleapis.com/v1/operations/dG9vbC1idWlsZGVyL3VzLWNlbnRyYWwxL3ByZVJlbmRlci9laTFxQ0lRQ0xXYw  
 
[debug] [2020-08-06T16:40:46.437Z] <<< HTTP RESPONSE 200
[debug] [2020-08-06T16:40:48.438Z] >>> HTTP REQUEST GET https://cloudfunctions.googleapis.com/v1/operations/dG9vbC1idWlsZGVyL3VzLWNlbnRyYWwxL3ByZVJlbmRlci9laTFxQ0lRQ0xXYw  
 
[debug] [2020-08-06T16:40:48.610Z] <<< HTTP RESPONSE 200
[debug] [2020-08-06T16:40:50.613Z] >>> HTTP REQUEST GET https://cloudfunctions.googleapis.com/v1/operations/dG9vbC1idWlsZGVyL3VzLWNlbnRyYWwxL3ByZVJlbmRlci9laTFxQ0lRQ0xXYw  
 
[debug] [2020-08-06T16:40:50.822Z] <<< HTTP RESPONSE 200
[debug] [2020-08-06T16:40:52.825Z] >>> HTTP REQUEST GET https://cloudfunctions.googleapis.com/v1/operations/dG9vbC1idWlsZGVyL3VzLWNlbnRyYWwxL3ByZVJlbmRlci9laTFxQ0lRQ0xXYw  
 
[debug] [2020-08-06T16:40:53.025Z] <<< HTTP RESPONSE 200
[debug] [2020-08-06T16:40:55.028Z] >>> HTTP REQUEST GET https://cloudfunctions.googleapis.com/v1/operations/dG9vbC1idWlsZGVyL3VzLWNlbnRyYWwxL3ByZVJlbmRlci9laTFxQ0lRQ0xXYw  
 
[debug] [2020-08-06T16:40:55.201Z] <<< HTTP RESPONSE 200
[debug] [2020-08-06T16:40:57.205Z] >>> HTTP REQUEST GET https://cloudfunctions.googleapis.com/v1/operations/dG9vbC1idWlsZGVyL3VzLWNlbnRyYWwxL3ByZVJlbmRlci9laTFxQ0lRQ0xXYw  
 
[debug] [2020-08-06T16:40:57.394Z] <<< HTTP RESPONSE 200
[debug] [2020-08-06T16:40:59.396Z] >>> HTTP REQUEST GET https://cloudfunctions.googleapis.com/v1/operations/dG9vbC1idWlsZGVyL3VzLWNlbnRyYWwxL3ByZVJlbmRlci9laTFxQ0lRQ0xXYw  
 
[debug] [2020-08-06T16:40:59.582Z] <<< HTTP RESPONSE 200
[debug] [2020-08-06T16:41:01.586Z] >>> HTTP REQUEST GET https://cloudfunctions.googleapis.com/v1/operations/dG9vbC1idWlsZGVyL3VzLWNlbnRyYWwxL3ByZVJlbmRlci9laTFxQ0lRQ0xXYw  
 
[debug] [2020-08-06T16:41:01.753Z] <<< HTTP RESPONSE 200
[debug] [2020-08-06T16:41:03.758Z] >>> HTTP REQUEST GET https://cloudfunctions.googleapis.com/v1/operations/dG9vbC1idWlsZGVyL3VzLWNlbnRyYWwxL3ByZVJlbmRlci9laTFxQ0lRQ0xXYw  
 
[debug] [2020-08-06T16:41:03.937Z] <<< HTTP RESPONSE 200
[debug] [2020-08-06T16:41:05.943Z] >>> HTTP REQUEST GET https://cloudfunctions.googleapis.com/v1/operations/dG9vbC1idWlsZGVyL3VzLWNlbnRyYWwxL3ByZVJlbmRlci9laTFxQ0lRQ0xXYw  
 
[debug] [2020-08-06T16:41:06.125Z] <<< HTTP RESPONSE 200
[debug] [2020-08-06T16:41:08.126Z] >>> HTTP REQUEST GET https://cloudfunctions.googleapis.com/v1/operations/dG9vbC1idWlsZGVyL3VzLWNlbnRyYWwxL3ByZVJlbmRlci9laTFxQ0lRQ0xXYw  
 
[debug] [2020-08-06T16:41:08.310Z] <<< HTTP RESPONSE 200
[debug] [2020-08-06T16:41:10.314Z] >>> HTTP REQUEST GET https://cloudfunctions.googleapis.com/v1/operations/dG9vbC1idWlsZGVyL3VzLWNlbnRyYWwxL3ByZVJlbmRlci9laTFxQ0lRQ0xXYw  
 
[debug] [2020-08-06T16:41:10.547Z] <<< HTTP RESPONSE 200
[debug] [2020-08-06T16:41:12.548Z] >>> HTTP REQUEST GET https://cloudfunctions.googleapis.com/v1/operations/dG9vbC1idWlsZGVyL3VzLWNlbnRyYWwxL3ByZVJlbmRlci9laTFxQ0lRQ0xXYw  
 
[debug] [2020-08-06T16:41:12.711Z] <<< HTTP RESPONSE 200
[debug] [2020-08-06T16:41:14.716Z] >>> HTTP REQUEST GET https://cloudfunctions.googleapis.com/v1/operations/dG9vbC1idWlsZGVyL3VzLWNlbnRyYWwxL3ByZVJlbmRlci9laTFxQ0lRQ0xXYw  
 
[debug] [2020-08-06T16:41:14.895Z] <<< HTTP RESPONSE 200
[debug] [2020-08-06T16:41:16.898Z] >>> HTTP REQUEST GET https://cloudfunctions.googleapis.com/v1/operations/dG9vbC1idWlsZGVyL3VzLWNlbnRyYWwxL3ByZVJlbmRlci9laTFxQ0lRQ0xXYw  
 
[debug] [2020-08-06T16:41:17.050Z] <<< HTTP RESPONSE 200
[debug] [2020-08-06T16:41:19.051Z] >>> HTTP REQUEST GET https://cloudfunctions.googleapis.com/v1/operations/dG9vbC1idWlsZGVyL3VzLWNlbnRyYWwxL3ByZVJlbmRlci9laTFxQ0lRQ0xXYw  
 
[debug] [2020-08-06T16:41:19.233Z] <<< HTTP RESPONSE 200
[debug] [2020-08-06T16:41:21.238Z] >>> HTTP REQUEST GET https://cloudfunctions.googleapis.com/v1/operations/dG9vbC1idWlsZGVyL3VzLWNlbnRyYWwxL3ByZVJlbmRlci9laTFxQ0lRQ0xXYw  
 
[debug] [2020-08-06T16:41:21.411Z] <<< HTTP RESPONSE 200
[debug] [2020-08-06T16:41:23.416Z] >>> HTTP REQUEST GET https://cloudfunctions.googleapis.com/v1/operations/dG9vbC1idWlsZGVyL3VzLWNlbnRyYWwxL3ByZVJlbmRlci9laTFxQ0lRQ0xXYw  
 
[debug] [2020-08-06T16:41:23.581Z] <<< HTTP RESPONSE 200
[debug] [2020-08-06T16:41:25.584Z] >>> HTTP REQUEST GET https://cloudfunctions.googleapis.com/v1/operations/dG9vbC1idWlsZGVyL3VzLWNlbnRyYWwxL3ByZVJlbmRlci9laTFxQ0lRQ0xXYw  
 
[debug] [2020-08-06T16:41:25.757Z] <<< HTTP RESPONSE 200
[debug] [2020-08-06T16:41:27.762Z] >>> HTTP REQUEST GET https://cloudfunctions.googleapis.com/v1/operations/dG9vbC1idWlsZGVyL3VzLWNlbnRyYWwxL3ByZVJlbmRlci9laTFxQ0lRQ0xXYw  
 
[debug] [2020-08-06T16:41:27.923Z] <<< HTTP RESPONSE 200
[debug] [2020-08-06T16:41:29.925Z] >>> HTTP REQUEST GET https://cloudfunctions.googleapis.com/v1/operations/dG9vbC1idWlsZGVyL3VzLWNlbnRyYWwxL3ByZVJlbmRlci9laTFxQ0lRQ0xXYw  
 
[debug] [2020-08-06T16:41:30.130Z] <<< HTTP RESPONSE 200
[debug] [2020-08-06T16:45:07.849Z] ----------------------------------------------------------------------
[debug] [2020-08-06T16:45:07.853Z] Command:       /usr/local/Cellar/node@10/10.14.1/bin/node /usr/local/opt/node@10/bin/firebase deploy --only functions:preRender --debug
[debug] [2020-08-06T16:45:07.854Z] CLI Version:   7.6.2
[debug] [2020-08-06T16:45:07.854Z] Platform:      darwin
[debug] [2020-08-06T16:45:07.854Z] Node Version:  v10.16.3
[debug] [2020-08-06T16:45:07.859Z] Time:          Thu Aug 06 2020 09:45:07 GMT-0700 (Pacific Daylight Time)
[debug] [2020-08-06T16:45:07.860Z] ----------------------------------------------------------------------
[debug] [2020-08-06T16:45:07.860Z] 
[debug] [2020-08-06T16:45:07.869Z] > command requires scopes: ["email","openid","https://www.googleapis.com/auth/cloudplatformprojects.readonly","https://www.googleapis.com/auth/firebase","https://www.googleapis.com/auth/cloud-platform"]
[debug] [2020-08-06T16:45:07.869Z] > authorizing via signed-in user
[debug] [2020-08-06T16:45:07.870Z] [iam] checking project tool-builder for permissions ["cloudfunctions.functions.create","cloudfunctions.functions.delete","cloudfunctions.functions.get","cloudfunctions.functions.list","cloudfunctions.functions.update","cloudfunctions.operations.get","firebase.projects.get"]
[debug] [2020-08-06T16:45:07.872Z] >>> HTTP REQUEST POST https://cloudresourcemanager.googleapis.com/v1/projects/tool-builder:testIamPermissions  

[debug] [2020-08-06T16:45:08.090Z] <<< HTTP RESPONSE 200
[info] 
[info] === Deploying to 'tool-builder'...
[info] 
[info] i  deploying functions
[debug] [2020-08-06T16:45:09.401Z] > [functions] package.json contents: {
  "name": "functions",
  "description": "Cloud Functions for Firebase",
  "scripts": {
    "serve": "firebase serve --only functions",
    "shell": "firebase functions:shell",
    "start": "npm run shell",
    "deploy": "firebase deploy --only functions",
    "logs": "firebase functions:log"
  },
  "engines": {
    "node": "8"
  },
  "dependencies": {
    "express": "^4.17.1",
    "firebase-admin": "^8.6.0",
    "firebase-functions": "^3.3.0",
    "prerender-node": "^3.2.5"
  },
  "devDependencies": {
    "firebase-functions-test": "^0.1.6"
  },
  "private": true
}
[info] i  functions: ensuring necessary APIs are enabled...
[debug] [2020-08-06T16:45:09.402Z] >>> HTTP REQUEST GET https://serviceusage.googleapis.com/v1/projects/tool-builder/services/cloudfunctions.googleapis.com  
 
[debug] [2020-08-06T16:45:09.403Z] >>> HTTP REQUEST GET https://serviceusage.googleapis.com/v1/projects/tool-builder/services/runtimeconfig.googleapis.com  
 
[debug] [2020-08-06T16:45:09.917Z] <<< HTTP RESPONSE 200
[debug] [2020-08-06T16:45:09.976Z] <<< HTTP RESPONSE 200
[info] ✔  functions: all necessary APIs are enabled
[debug] [2020-08-06T16:45:09.977Z] >>> HTTP REQUEST GET https://firebase.googleapis.com/v1beta1/projects/tool-builder/adminSdkConfig  
 
[debug] [2020-08-06T16:45:10.260Z] <<< HTTP RESPONSE 200
[info] i  functions: preparing functions directory for uploading...
[debug] [2020-08-06T16:45:10.262Z] >>> HTTP REQUEST GET https://runtimeconfig.googleapis.com/v1beta1/projects/tool-builder/configs  
 
[debug] [2020-08-06T16:45:10.481Z] <<< HTTP RESPONSE 200
[info] i  functions: packaged functions (38.16 KB) for uploading
[debug] [2020-08-06T16:45:10.880Z] >>> HTTP REQUEST POST https://cloudfunctions.googleapis.com/v1/projects/tool-builder/locations/us-central1/functions:generateUploadUrl  
 
[debug] [2020-08-06T16:45:11.356Z] <<< HTTP RESPONSE 200
[debug] [2020-08-06T16:45:11.357Z] >>> HTTP REQUEST PUT https://storage.googleapis.com/gcf-upload-us-central1-1b75d1c1-7d43-403e-b56f-9851a47a4485/8f90a2f9-7a3a-4258-9f77-fee16478e91a.zip?GoogleAccessId=service-1062012551888@gcf-admin-robot.iam.gserviceaccount.com&Expires=1596734111&Signature=kxwPWdaCcUA9u4EQued6SWUwuQ357qRNeCarreA9yn2jiC%2F9iH8HD%2FAXojS4%2BQ4Kp7qFokvOBSaMts1gglNrtLJjgeOimiS7JhKupSiaSDzBMW4LrezxH5iHzq5iHGhkJSz1uuPP5pcPzIPvVnCPAGC12x0D%2BXn1UCJrWkVIRUCEDj9hDlD3Jor0RDlD7EIJMpchoMogIEi79fnh9hNJR59gU27Tfgg5%2FbosHH86rQXWqPZL8RCToN9Zqzrk2ekoedoaEjtfZ2Karl9J%2Bya%2BcGNrpAXLCGzwD%2BEClzaJDVNWGbwkvMSX6UNWw56YRfyIabpCucSKHdy%2Bw8Bc2rfr%2FQ%3D%3D  
 <request body omitted>
[debug] [2020-08-06T16:45:11.647Z] <<< HTTP RESPONSE 200
[info] ✔  functions: functions folder uploaded successfully
[debug] [2020-08-06T16:45:11.649Z] >>> HTTP REQUEST GET https://cloudfunctions.googleapis.com/v1/projects/tool-builder/locations/-/functions  
 
[debug] [2020-08-06T16:45:12.089Z] <<< HTTP RESPONSE 200
[debug] [2020-08-06T16:45:12.090Z] > [functions] filtering triggers to: [
  "projects/tool-builder/locations/us-central1/functions/preRender"
]
[info] i  functions: current functions in project: preRender(us-central1)
[info] i  functions: uploading functions in project: preRender(us-central1)
[info] i  functions: updating Node.js 8 function preRender(us-central1)...
[debug] [2020-08-06T16:45:12.093Z] Trigger is:  {"httpsTrigger":{}}
[debug] [2020-08-06T16:45:12.094Z] >>> HTTP REQUEST GET https://serviceusage.googleapis.com/v1/projects/tool-builder/services/cloudscheduler.googleapis.com  
 
[debug] [2020-08-06T16:45:12.304Z] <<< HTTP RESPONSE 200
[debug] [2020-08-06T16:45:12.305Z] >>> HTTP REQUEST PATCH https://cloudfunctions.googleapis.com/v1/projects/tool-builder/locations/us-central1/functions/preRender {"updateMask":"sourceUploadUrl,name,labels,runtime,httpsTrigger"} 

[debug] [2020-08-06T16:45:12.690Z] <<< HTTP RESPONSE 200
[debug] [2020-08-06T16:45:12.694Z] >>> HTTP REQUEST GET https://cloudfunctions.googleapis.com/v1/projects/tool-builder/locations/-/functions  
 
[debug] [2020-08-06T16:45:13.156Z] <<< HTTP RESPONSE 200
[debug] [2020-08-06T16:45:13.157Z] >>> HTTP REQUEST GET https://cloudfunctions.googleapis.com/v1/operations/dG9vbC1idWlsZGVyL3VzLWNlbnRyYWwxL3ByZVJlbmRlci9FaXMyaGYtMnMzQQ  
 
[debug] [2020-08-06T16:45:13.340Z] <<< HTTP RESPONSE 200
[debug] [2020-08-06T16:45:15.345Z] >>> HTTP REQUEST GET https://cloudfunctions.googleapis.com/v1/operations/dG9vbC1idWlsZGVyL3VzLWNlbnRyYWwxL3ByZVJlbmRlci9FaXMyaGYtMnMzQQ  
 
[debug] [2020-08-06T16:45:15.549Z] <<< HTTP RESPONSE 200
[debug] [2020-08-06T16:45:17.554Z] >>> HTTP REQUEST GET https://cloudfunctions.googleapis.com/v1/operations/dG9vbC1idWlsZGVyL3VzLWNlbnRyYWwxL3ByZVJlbmRlci9FaXMyaGYtMnMzQQ  
 
[debug] [2020-08-06T16:45:17.764Z] <<< HTTP RESPONSE 200
[debug] [2020-08-06T16:45:19.767Z] >>> HTTP REQUEST GET https://cloudfunctions.googleapis.com/v1/operations/dG9vbC1idWlsZGVyL3VzLWNlbnRyYWwxL3ByZVJlbmRlci9FaXMyaGYtMnMzQQ  
 
[debug] [2020-08-06T16:45:19.956Z] <<< HTTP RESPONSE 200
[debug] [2020-08-06T16:45:21.961Z] >>> HTTP REQUEST GET https://cloudfunctions.googleapis.com/v1/operations/dG9vbC1idWlsZGVyL3VzLWNlbnRyYWwxL3ByZVJlbmRlci9FaXMyaGYtMnMzQQ  
 
[debug] [2020-08-06T16:45:22.434Z] <<< HTTP RESPONSE 200
[debug] [2020-08-06T16:45:24.439Z] >>> HTTP REQUEST GET https://cloudfunctions.googleapis.com/v1/operations/dG9vbC1idWlsZGVyL3VzLWNlbnRyYWwxL3ByZVJlbmRlci9FaXMyaGYtMnMzQQ  
 
[debug] [2020-08-06T16:45:24.694Z] <<< HTTP RESPONSE 200
[debug] [2020-08-06T16:45:26.699Z] >>> HTTP REQUEST GET https://cloudfunctions.googleapis.com/v1/operations/dG9vbC1idWlsZGVyL3VzLWNlbnRyYWwxL3ByZVJlbmRlci9FaXMyaGYtMnMzQQ  
 
[debug] [2020-08-06T16:45:27.004Z] <<< HTTP RESPONSE 200
[debug] [2020-08-06T16:45:29.010Z] >>> HTTP REQUEST GET https://cloudfunctions.googleapis.com/v1/operations/dG9vbC1idWlsZGVyL3VzLWNlbnRyYWwxL3ByZVJlbmRlci9FaXMyaGYtMnMzQQ  
 
[debug] [2020-08-06T16:45:29.203Z] <<< HTTP RESPONSE 200
[debug] [2020-08-06T16:45:31.204Z] >>> HTTP REQUEST GET https://cloudfunctions.googleapis.com/v1/operations/dG9vbC1idWlsZGVyL3VzLWNlbnRyYWwxL3ByZVJlbmRlci9FaXMyaGYtMnMzQQ  
 
[debug] [2020-08-06T16:45:31.370Z] <<< HTTP RESPONSE 200
[debug] [2020-08-06T16:45:33.373Z] >>> HTTP REQUEST GET https://cloudfunctions.googleapis.com/v1/operations/dG9vbC1idWlsZGVyL3VzLWNlbnRyYWwxL3ByZVJlbmRlci9FaXMyaGYtMnMzQQ  
 
[debug] [2020-08-06T16:45:33.599Z] <<< HTTP RESPONSE 200
[debug] [2020-08-06T16:45:35.600Z] >>> HTTP REQUEST GET https://cloudfunctions.googleapis.com/v1/operations/dG9vbC1idWlsZGVyL3VzLWNlbnRyYWwxL3ByZVJlbmRlci9FaXMyaGYtMnMzQQ  
 
[debug] [2020-08-06T16:45:35.749Z] <<< HTTP RESPONSE 200
[debug] [2020-08-06T16:45:37.750Z] >>> HTTP REQUEST GET https://cloudfunctions.googleapis.com/v1/operations/dG9vbC1idWlsZGVyL3VzLWNlbnRyYWwxL3ByZVJlbmRlci9FaXMyaGYtMnMzQQ  
 
[debug] [2020-08-06T16:45:37.930Z] <<< HTTP RESPONSE 200
[debug] [2020-08-06T16:45:39.934Z] >>> HTTP REQUEST GET https://cloudfunctions.googleapis.com/v1/operations/dG9vbC1idWlsZGVyL3VzLWNlbnRyYWwxL3ByZVJlbmRlci9FaXMyaGYtMnMzQQ  
 
[debug] [2020-08-06T16:45:40.108Z] <<< HTTP RESPONSE 200
[debug] [2020-08-06T16:45:42.110Z] >>> HTTP REQUEST GET https://cloudfunctions.googleapis.com/v1/operations/dG9vbC1idWlsZGVyL3VzLWNlbnRyYWwxL3ByZVJlbmRlci9FaXMyaGYtMnMzQQ  
 
[debug] [2020-08-06T16:45:42.310Z] <<< HTTP RESPONSE 200
[debug] [2020-08-06T16:45:44.314Z] >>> HTTP REQUEST GET https://cloudfunctions.googleapis.com/v1/operations/dG9vbC1idWlsZGVyL3VzLWNlbnRyYWwxL3ByZVJlbmRlci9FaXMyaGYtMnMzQQ  
 
[debug] [2020-08-06T16:45:44.690Z] <<< HTTP RESPONSE 200
[debug] [2020-08-06T16:45:46.691Z] >>> HTTP REQUEST GET https://cloudfunctions.googleapis.com/v1/operations/dG9vbC1idWlsZGVyL3VzLWNlbnRyYWwxL3ByZVJlbmRlci9FaXMyaGYtMnMzQQ  
 
[debug] [2020-08-06T16:45:47.003Z] <<< HTTP RESPONSE 200
[debug] [2020-08-06T16:45:49.004Z] >>> HTTP REQUEST GET https://cloudfunctions.googleapis.com/v1/operations/dG9vbC1idWlsZGVyL3VzLWNlbnRyYWwxL3ByZVJlbmRlci9FaXMyaGYtMnMzQQ  
 
[debug] [2020-08-06T16:45:49.185Z] <<< HTTP RESPONSE 200
[debug] [2020-08-06T16:45:51.187Z] >>> HTTP REQUEST GET https://cloudfunctions.googleapis.com/v1/operations/dG9vbC1idWlsZGVyL3VzLWNlbnRyYWwxL3ByZVJlbmRlci9FaXMyaGYtMnMzQQ  
 
[debug] [2020-08-06T16:45:51.362Z] <<< HTTP RESPONSE 200
[debug] [2020-08-06T16:45:53.367Z] >>> HTTP REQUEST GET https://cloudfunctions.googleapis.com/v1/operations/dG9vbC1idWlsZGVyL3VzLWNlbnRyYWwxL3ByZVJlbmRlci9FaXMyaGYtMnMzQQ  
 
[debug] [2020-08-06T16:45:53.554Z] <<< HTTP RESPONSE 200
[debug] [2020-08-06T16:45:55.560Z] >>> HTTP REQUEST GET https://cloudfunctions.googleapis.com/v1/operations/dG9vbC1idWlsZGVyL3VzLWNlbnRyYWwxL3ByZVJlbmRlci9FaXMyaGYtMnMzQQ  
 
[debug] [2020-08-06T16:45:55.853Z] <<< HTTP RESPONSE 200
[info] ✔  functions[preRender(us-central1)]: Successful update operation. 
[info] 
[info] ✔  Deploy complete!
[info] 
[info] Project Console: https://console.firebase.google.com/project/tool-builder/overview
